<?xml version="1.0" encoding="UTF-8"?>
<testsuite name="MainTest" tests="4" skipped="0" failures="0" errors="0" timestamp="2023-10-23T07:53:46" hostname="DESKTOP-PS09NIH" time="0.024">
  <properties/>
  <testcase name="heapsort1()" classname="MainTest" time="0.017"/>
  <testcase name="heapsort2()" classname="MainTest" time="0.0"/>
  <testcase name="heapsort3()" classname="MainTest" time="0.001"/>
  <testcase name="heapsort4()" classname="MainTest" time="0.001"/>
  <system-out><![CDATA[]]></system-out>
  <system-err><![CDATA[]]></system-err>
</testsuite>
